waiting to take filesystem lock on /home/snj/.local/share/vcpkg/.vcpkg-root...
Detecting compiler hash for triplet x64-linux...
Compiler found: /sbin/c++
All requested packages are currently installed.
Total install time: 237 us
boost-bimap provides CMake targets:

  # this is heuristically generated, and may not be correct
  find_package(boost_bimap CONFIG REQUIRED)
  target_link_libraries(main PRIVATE Boost::bimap)

imgui provides CMake targets:

  # this is heuristically generated, and may not be correct
  find_package(imgui CONFIG REQUIRED)
  target_link_libraries(main PRIVATE imgui::imgui)

implot provides CMake targets:

  # this is heuristically generated, and may not be correct
  find_package(implot CONFIG REQUIRED)
  target_link_libraries(main PRIVATE implot::implot)

sol2 is header-only and can be used from CMake via:

  find_path(SOL2_INCLUDE_DIRS "sol/abort.hpp")
  target_include_directories(main PRIVATE ${SOL2_INCLUDE_DIRS})

sol2 provides pkg-config modules:

  # C++ <-> Lua Wrapper Library
  sol2

VulkanMemoryAllocator provides official find_package support. However, it requires the user to provide the include directory containing `vulkan/vulkan.h`. There are multiple ways to achieve this and VulkanMemoryAllocator is compatible with all of them.

    find_package(Vulkan) # https://cmake.org/cmake/help/latest/module/FindVulkan.html, CMake 3.21+
    find_package(VulkanMemoryAllocator CONFIG REQUIRED)
    target_link_libraries(main PRIVATE Vulkan::Vulkan GPUOpen::VulkanMemoryAllocator)

or

    find_package(Vulkan) # CMake 3.21+
    find_package(VulkanMemoryAllocator CONFIG REQUIRED)
    target_link_libraries(main PRIVATE Vulkan::Headers GPUOpen::VulkanMemoryAllocator)

or

    find_package(VulkanHeaders CONFIG) # From the vulkan-headers port
    find_package(VulkanMemoryAllocator CONFIG REQUIRED)
    target_link_libraries(main PRIVATE Vulkan::Headers GPUOpen::VulkanMemoryAllocator)

See the documentation for more information on setting up your project: https://gpuopen-librariesandsdks.github.io/VulkanMemoryAllocator/html/index.html

xtl provides CMake targets:

  # this is heuristically generated, and may not be correct
  find_package(xtl CONFIG REQUIRED)
  target_link_libraries(main PRIVATE xtl)

xtl provides pkg-config modules:

  # Basic tools (containers, algorithms) used by other quantstack packages.
  xtl

xtensor provides CMake targets:

  # this is heuristically generated, and may not be correct
  find_package(xtensor CONFIG REQUIRED)
  target_link_libraries(main PRIVATE xtensor::use_TBB xtensor::optimize xtensor::use_xsimd)

xtensor-blas provides CMake targets:

  # this is heuristically generated, and may not be correct
  find_package(xtensor-blas CONFIG REQUIRED)
  target_link_libraries(main PRIVATE xtensor-blas)

